0 info it worked if it ends with ok
1 verbose cli [ 'C:\\Program Files\\nodejs\\node.exe',
1 verbose cli   'C:\\Program Files\\nodejs\\node_modules\\npm\\bin\\npm-cli.js',
1 verbose cli   'install' ]
2 info using npm@3.10.10
3 info using node@v6.9.5
4 silly loadCurrentTree Starting
5 silly install loadCurrentTree
6 silly install readLocalPackageData
7 silly install normalizeTree
8 silly loadCurrentTree Finishing
9 silly loadIdealTree Starting
10 silly install loadIdealTree
11 silly cloneCurrentTree Starting
12 silly install cloneCurrentTreeToIdealTree
13 silly cloneCurrentTree Finishing
14 silly loadShrinkwrap Starting
15 silly install loadShrinkwrap
16 silly loadShrinkwrap Finishing
17 silly loadAllDepsIntoIdealTree Starting
18 silly install loadAllDepsIntoIdealTree
19 silly fetchNamedPackageData sleep
20 silly mapToRegistry name sleep
21 silly mapToRegistry using default registry
22 silly mapToRegistry registry https://registry.npmjs.org/
23 silly mapToRegistry data Result {
23 silly mapToRegistry   raw: 'sleep',
23 silly mapToRegistry   scope: null,
23 silly mapToRegistry   escapedName: 'sleep',
23 silly mapToRegistry   name: 'sleep',
23 silly mapToRegistry   rawSpec: '',
23 silly mapToRegistry   spec: 'latest',
23 silly mapToRegistry   type: 'tag' }
24 silly mapToRegistry uri https://registry.npmjs.org/sleep
25 verbose request uri https://registry.npmjs.org/sleep
26 verbose request no auth needed
27 info attempt registry request try #1 at 12:57:53
28 verbose request id e8bfca6ec818b336
29 verbose etag W/"58743b35-520a"
30 verbose lastModified Tue, 10 Jan 2017 01:39:01 GMT
31 http request GET https://registry.npmjs.org/sleep
32 http 304 https://registry.npmjs.org/sleep
33 verbose headers { date: 'Thu, 23 Feb 2017 03:57:57 GMT',
33 verbose headers   via: '1.1 varnish',
33 verbose headers   'cache-control': 'max-age=300',
33 verbose headers   etag: 'W/"58743b35-520a"',
33 verbose headers   age: '206',
33 verbose headers   connection: 'keep-alive',
33 verbose headers   'x-served-by': 'cache-nrt6121-NRT',
33 verbose headers   'x-cache': 'HIT',
33 verbose headers   'x-cache-hits': '1',
33 verbose headers   'x-timer': 'S1487822277.518382,VS0,VE7',
33 verbose headers   vary: 'Accept-Encoding' }
34 silly get cb [ 304,
34 silly get   { date: 'Thu, 23 Feb 2017 03:57:57 GMT',
34 silly get     via: '1.1 varnish',
34 silly get     'cache-control': 'max-age=300',
34 silly get     etag: 'W/"58743b35-520a"',
34 silly get     age: '206',
34 silly get     connection: 'keep-alive',
34 silly get     'x-served-by': 'cache-nrt6121-NRT',
34 silly get     'x-cache': 'HIT',
34 silly get     'x-cache-hits': '1',
34 silly get     'x-timer': 'S1487822277.518382,VS0,VE7',
34 silly get     vary: 'Accept-Encoding' } ]
35 verbose etag https://registry.npmjs.org/sleep from cache
36 verbose get saving sleep to C:\Users\jun\AppData\Roaming\npm-cache\registry.npmjs.org\sleep\.cache.json
37 verbose correctMkdir C:\Users\jun\AppData\Roaming\npm-cache correctMkdir not in flight; initializing
38 silly resolveWithNewModule sleep@5.1.0 checking installable status
39 silly cache add args [ 'sleep@*', null ]
40 verbose cache add spec sleep@*
41 silly cache add parsed spec Result {
41 silly cache add   raw: 'sleep@*',
41 silly cache add   scope: null,
41 silly cache add   escapedName: 'sleep',
41 silly cache add   name: 'sleep',
41 silly cache add   rawSpec: '*',
41 silly cache add   spec: '*',
41 silly cache add   type: 'range' }
42 silly addNamed sleep@*
43 verbose addNamed "*" is a valid semver range for sleep
44 silly addNameRange { name: 'sleep', range: '*', hasData: false }
45 silly mapToRegistry name sleep
46 silly mapToRegistry using default registry
47 silly mapToRegistry registry https://registry.npmjs.org/
48 silly mapToRegistry data Result {
48 silly mapToRegistry   raw: 'sleep',
48 silly mapToRegistry   scope: null,
48 silly mapToRegistry   escapedName: 'sleep',
48 silly mapToRegistry   name: 'sleep',
48 silly mapToRegistry   rawSpec: '',
48 silly mapToRegistry   spec: 'latest',
48 silly mapToRegistry   type: 'tag' }
49 silly mapToRegistry uri https://registry.npmjs.org/sleep
50 verbose addNameRange registry:https://registry.npmjs.org/sleep not in flight; fetching
51 verbose get https://registry.npmjs.org/sleep not expired, no request
52 silly addNameRange number 2 { name: 'sleep', range: '*', hasData: true }
53 silly addNameRange versions [ 'sleep',
53 silly addNameRange   [ '1.0.0',
53 silly addNameRange     '1.0.1',
53 silly addNameRange     '1.0.2',
53 silly addNameRange     '1.1.0',
53 silly addNameRange     '1.1.1',
53 silly addNameRange     '1.1.2',
53 silly addNameRange     '1.1.3',
53 silly addNameRange     '1.1.4',
53 silly addNameRange     '1.1.5',
53 silly addNameRange     '1.1.6',
53 silly addNameRange     '1.1.7',
53 silly addNameRange     '1.1.8',
53 silly addNameRange     '1.2.0',
53 silly addNameRange     '2.0.0',
53 silly addNameRange     '3.0.0',
53 silly addNameRange     '3.0.1',
53 silly addNameRange     '4.0.0',
53 silly addNameRange     '5.0.0',
53 silly addNameRange     '5.1.0' ] ]
54 silly addNamed sleep@5.1.0
55 verbose addNamed "5.1.0" is a plain semver version for sleep
56 silly cache afterAdd sleep@5.1.0
57 verbose afterAdd C:\Users\jun\AppData\Roaming\npm-cache\sleep\5.1.0\package\package.json not in flight; writing
58 verbose correctMkdir C:\Users\jun\AppData\Roaming\npm-cache correctMkdir not in flight; initializing
59 verbose afterAdd C:\Users\jun\AppData\Roaming\npm-cache\sleep\5.1.0\package\package.json written
60 silly fetchNamedPackageData nan
61 silly mapToRegistry name nan
62 silly mapToRegistry using default registry
63 silly mapToRegistry registry https://registry.npmjs.org/
64 silly mapToRegistry data Result {
64 silly mapToRegistry   raw: 'nan',
64 silly mapToRegistry   scope: null,
64 silly mapToRegistry   escapedName: 'nan',
64 silly mapToRegistry   name: 'nan',
64 silly mapToRegistry   rawSpec: '',
64 silly mapToRegistry   spec: 'latest',
64 silly mapToRegistry   type: 'tag' }
65 silly mapToRegistry uri https://registry.npmjs.org/nan
66 verbose request uri https://registry.npmjs.org/nan
67 verbose request no auth needed
68 info attempt registry request try #1 at 12:57:54
69 verbose etag W/"58a44b6b-1df62"
70 verbose lastModified Wed, 15 Feb 2017 12:36:59 GMT
71 http request GET https://registry.npmjs.org/nan
72 http 304 https://registry.npmjs.org/nan
73 verbose headers { date: 'Thu, 23 Feb 2017 03:57:57 GMT',
73 verbose headers   via: '1.1 varnish',
73 verbose headers   'cache-control': 'max-age=300',
73 verbose headers   etag: 'W/"58a44b6b-1df62"',
73 verbose headers   age: '3',
73 verbose headers   connection: 'keep-alive',
73 verbose headers   'x-served-by': 'cache-nrt6121-NRT',
73 verbose headers   'x-cache': 'HIT',
73 verbose headers   'x-cache-hits': '1',
73 verbose headers   'x-timer': 'S1487822277.648748,VS0,VE0',
73 verbose headers   vary: 'Accept-Encoding' }
74 silly get cb [ 304,
74 silly get   { date: 'Thu, 23 Feb 2017 03:57:57 GMT',
74 silly get     via: '1.1 varnish',
74 silly get     'cache-control': 'max-age=300',
74 silly get     etag: 'W/"58a44b6b-1df62"',
74 silly get     age: '3',
74 silly get     connection: 'keep-alive',
74 silly get     'x-served-by': 'cache-nrt6121-NRT',
74 silly get     'x-cache': 'HIT',
74 silly get     'x-cache-hits': '1',
74 silly get     'x-timer': 'S1487822277.648748,VS0,VE0',
74 silly get     vary: 'Accept-Encoding' } ]
75 verbose etag https://registry.npmjs.org/nan from cache
76 verbose get saving nan to C:\Users\jun\AppData\Roaming\npm-cache\registry.npmjs.org\nan\.cache.json
77 verbose correctMkdir C:\Users\jun\AppData\Roaming\npm-cache correctMkdir not in flight; initializing
78 silly resolveWithNewModule nan@2.5.1 checking installable status
79 silly cache add args [ 'nan@>=2.0.0', null ]
80 verbose cache add spec nan@>=2.0.0
81 silly cache add parsed spec Result {
81 silly cache add   raw: 'nan@>=2.0.0',
81 silly cache add   scope: null,
81 silly cache add   escapedName: 'nan',
81 silly cache add   name: 'nan',
81 silly cache add   rawSpec: '>=2.0.0',
81 silly cache add   spec: '>=2.0.0',
81 silly cache add   type: 'range' }
82 silly addNamed nan@>=2.0.0
83 verbose addNamed ">=2.0.0" is a valid semver range for nan
84 silly addNameRange { name: 'nan', range: '>=2.0.0', hasData: false }
85 silly mapToRegistry name nan
86 silly mapToRegistry using default registry
87 silly mapToRegistry registry https://registry.npmjs.org/
88 silly mapToRegistry data Result {
88 silly mapToRegistry   raw: 'nan',
88 silly mapToRegistry   scope: null,
88 silly mapToRegistry   escapedName: 'nan',
88 silly mapToRegistry   name: 'nan',
88 silly mapToRegistry   rawSpec: '',
88 silly mapToRegistry   spec: 'latest',
88 silly mapToRegistry   type: 'tag' }
89 silly mapToRegistry uri https://registry.npmjs.org/nan
90 verbose addNameRange registry:https://registry.npmjs.org/nan not in flight; fetching
91 verbose get https://registry.npmjs.org/nan not expired, no request
92 silly addNameRange number 2 { name: 'nan', range: '>=2.0.0', hasData: true }
93 silly addNameRange versions [ 'nan',
93 silly addNameRange   [ '0.3.0-wip',
93 silly addNameRange     '0.3.0-wip2',
93 silly addNameRange     '0.3.0',
93 silly addNameRange     '0.3.1',
93 silly addNameRange     '0.3.2',
93 silly addNameRange     '0.4.0',
93 silly addNameRange     '0.4.1',
93 silly addNameRange     '0.4.2',
93 silly addNameRange     '0.4.3',
93 silly addNameRange     '0.4.4',
93 silly addNameRange     '0.5.0',
93 silly addNameRange     '0.5.1',
93 silly addNameRange     '0.5.2',
93 silly addNameRange     '0.6.0',
93 silly addNameRange     '0.7.0',
93 silly addNameRange     '0.7.1',
93 silly addNameRange     '0.8.0',
93 silly addNameRange     '1.0.0',
93 silly addNameRange     '1.1.0',
93 silly addNameRange     '1.1.1',
93 silly addNameRange     '1.1.2',
93 silly addNameRange     '1.2.0',
93 silly addNameRange     '1.3.0',
93 silly addNameRange     '1.4.0',
93 silly addNameRange     '1.4.1',
93 silly addNameRange     '1.5.0',
93 silly addNameRange     '1.4.2',
93 silly addNameRange     '1.4.3',
93 silly addNameRange     '1.5.1',
93 silly addNameRange     '1.5.2',
93 silly addNameRange     '1.6.0',
93 silly addNameRange     '1.5.3',
93 silly addNameRange     '1.6.1',
93 silly addNameRange     '1.6.2',
93 silly addNameRange     '1.7.0',
93 silly addNameRange     '1.8.0',
93 silly addNameRange     '1.8.1',
93 silly addNameRange     '1.8.2',
93 silly addNameRange     '1.8.3',
93 silly addNameRange     '1.8.4',
93 silly addNameRange     '1.9.0',
93 silly addNameRange     '2.0.0',
93 silly addNameRange     '2.0.1',
93 silly addNameRange     '2.0.2',
93 silly addNameRange     '2.0.3',
93 silly addNameRange     '2.0.4',
93 silly addNameRange     '2.0.5',
93 silly addNameRange     '2.0.6',
93 silly addNameRange     '2.0.7',
93 silly addNameRange     '2.0.8',
93 silly addNameRange     '2.0.9',
93 silly addNameRange     '2.1.0',
93 silly addNameRange     '2.2.0',
93 silly addNameRange     '2.2.1',
93 silly addNameRange     '2.3.0',
93 silly addNameRange     '2.3.1',
93 silly addNameRange     '2.3.2',
93 silly addNameRange     '2.3.3',
93 silly addNameRange     '2.3.4',
93 silly addNameRange     '2.3.5',
93 silly addNameRange     '2.4.0',
93 silly addNameRange     '2.5.0',
93 silly addNameRange     '2.5.1' ] ]
94 silly addNamed nan@2.5.1
95 verbose addNamed "2.5.1" is a plain semver version for nan
96 silly cache afterAdd nan@2.5.1
97 verbose afterAdd C:\Users\jun\AppData\Roaming\npm-cache\nan\2.5.1\package\package.json not in flight; writing
98 verbose correctMkdir C:\Users\jun\AppData\Roaming\npm-cache correctMkdir not in flight; initializing
99 verbose afterAdd C:\Users\jun\AppData\Roaming\npm-cache\nan\2.5.1\package\package.json written
100 silly loadAllDepsIntoIdealTree Finishing
101 silly loadIdealTree Finishing
102 silly currentTree 3Dprint@0.0.1
102 silly currentTree +-- acorn-globals@1.0.9
102 silly currentTree +-- acorn@2.7.0
102 silly currentTree +-- align-text@0.1.4
102 silly currentTree +-- amdefine@1.0.1
102 silly currentTree +-- append-field@0.1.0
102 silly currentTree +-- asap@1.0.0
102 silly currentTree +-- async@0.2.10
102 silly currentTree +-- body-parser@1.16.1
102 silly currentTree | +-- bytes@2.4.0
102 silly currentTree | +-- debug@2.6.1
102 silly currentTree | `-- qs@6.2.1
102 silly currentTree +-- buffer-crc32@0.2.1
102 silly currentTree +-- buffer-shims@1.0.0
102 silly currentTree +-- busboy@0.2.14
102 silly currentTree +-- bytes@0.2.0
102 silly currentTree +-- camelcase@1.2.1
102 silly currentTree +-- center-align@0.1.3
102 silly currentTree +-- character-parser@1.2.1
102 silly currentTree +-- clean-css@3.4.24
102 silly currentTree | `-- commander@2.8.1
102 silly currentTree +-- cliui@2.1.0
102 silly currentTree | `-- wordwrap@0.0.2
102 silly currentTree +-- commander@0.6.1
102 silly currentTree +-- concat-stream@1.6.0
102 silly currentTree | +-- isarray@1.0.0
102 silly currentTree | `-- readable-stream@2.2.2
102 silly currentTree +-- connect@2.7.11
102 silly currentTree | +-- cookie@0.0.5
102 silly currentTree | `-- send@0.1.1
102 silly currentTree |   `-- mime@1.2.11
102 silly currentTree +-- constantinople@3.0.2
102 silly currentTree +-- content-type@1.0.2
102 silly currentTree +-- cookie-signature@1.0.1
102 silly currentTree +-- cookie@0.1.0
102 silly currentTree +-- core-util-is@1.0.2
102 silly currentTree +-- css-parse@1.0.4
102 silly currentTree +-- css-stringify@1.0.5
102 silly currentTree +-- css@1.0.8
102 silly currentTree +-- debug@2.6.0
102 silly currentTree +-- decamelize@1.2.0
102 silly currentTree +-- depd@1.1.0
102 silly currentTree +-- dicer@0.2.5
102 silly currentTree +-- ee-first@1.1.1
102 silly currentTree +-- ejs@2.5.6
102 silly currentTree +-- express@3.2.6
102 silly currentTree +-- fd-slicer@1.0.1
102 silly currentTree +-- formidable@1.0.14
102 silly currentTree +-- fresh@0.1.0
102 silly currentTree +-- graceful-readlink@1.0.1
102 silly currentTree +-- http-errors@1.5.1
102 silly currentTree +-- iconv-lite@0.4.15
102 silly currentTree +-- inherits@2.0.3
102 silly currentTree +-- is-buffer@1.1.4
102 silly currentTree +-- is-promise@2.1.0
102 silly currentTree +-- isarray@0.0.1
102 silly currentTree +-- jade@1.11.0
102 silly currentTree | +-- commander@2.6.0
102 silly currentTree | `-- mkdirp@0.5.1
102 silly currentTree +-- js-base64@2.1.9
102 silly currentTree +-- jstransformer@0.0.2
102 silly currentTree +-- kind-of@3.1.0
102 silly currentTree +-- lazy-cache@1.0.4
102 silly currentTree +-- longest@1.0.1
102 silly currentTree +-- media-typer@0.3.0
102 silly currentTree +-- methods@0.0.1
102 silly currentTree +-- mime-db@1.26.0
102 silly currentTree +-- mime-types@2.1.14
102 silly currentTree +-- mime@1.3.4
102 silly currentTree +-- minimist@0.0.8
102 silly currentTree +-- mkdirp@0.3.4
102 silly currentTree +-- ms@0.7.2
102 silly currentTree +-- multer@1.3.0
102 silly currentTree | `-- mkdirp@0.5.1
102 silly currentTree +-- multiparty@4.1.3
102 silly currentTree +-- object-assign@3.0.0
102 silly currentTree +-- on-finished@2.3.0
102 silly currentTree +-- optimist@0.3.7
102 silly currentTree +-- pause@0.0.1
102 silly currentTree +-- pend@1.2.0
102 silly currentTree +-- process-nextick-args@1.0.7
102 silly currentTree +-- promise@6.1.0
102 silly currentTree +-- qs@0.6.5
102 silly currentTree +-- range-parser@0.0.4
102 silly currentTree +-- raw-body@2.2.0
102 silly currentTree | `-- bytes@2.4.0
102 silly currentTree +-- readable-stream@1.1.14
102 silly currentTree +-- repeat-string@1.6.1
102 silly currentTree +-- right-align@0.1.3
102 silly currentTree +-- send@0.1.0
102 silly currentTree | `-- mime@1.2.6
102 silly currentTree +-- setprototypeof@1.0.2
102 silly currentTree +-- source-map@0.4.4
102 silly currentTree +-- statuses@1.3.1
102 silly currentTree +-- streamsearch@0.1.2
102 silly currentTree +-- string_decoder@0.10.31
102 silly currentTree +-- transformers@2.1.0
102 silly currentTree | +-- is-promise@1.0.1
102 silly currentTree | +-- promise@2.0.0
102 silly currentTree | +-- source-map@0.1.43
102 silly currentTree | `-- uglify-js@2.2.5
102 silly currentTree +-- type-is@1.6.14
102 silly currentTree +-- typedarray@0.0.6
102 silly currentTree +-- uglify-js@2.7.5
102 silly currentTree | `-- source-map@0.5.6
102 silly currentTree +-- uglify-to-browserify@1.0.2
102 silly currentTree +-- unpipe@1.0.0
102 silly currentTree +-- util-deprecate@1.0.2
102 silly currentTree +-- void-elements@2.0.1
102 silly currentTree +-- window-size@0.1.0
102 silly currentTree +-- with@4.0.3
102 silly currentTree | `-- acorn@1.2.2
102 silly currentTree +-- wordwrap@0.0.3
102 silly currentTree +-- xtend@4.0.1
102 silly currentTree `-- yargs@3.10.0
103 silly idealTree 3Dprint@0.0.1
103 silly idealTree +-- acorn-globals@1.0.9
103 silly idealTree +-- acorn@2.7.0
103 silly idealTree +-- align-text@0.1.4
103 silly idealTree +-- amdefine@1.0.1
103 silly idealTree +-- append-field@0.1.0
103 silly idealTree +-- asap@1.0.0
103 silly idealTree +-- async@0.2.10
103 silly idealTree +-- body-parser@1.16.1
103 silly idealTree | +-- bytes@2.4.0
103 silly idealTree | +-- debug@2.6.1
103 silly idealTree | `-- qs@6.2.1
103 silly idealTree +-- buffer-crc32@0.2.1
103 silly idealTree +-- buffer-shims@1.0.0
103 silly idealTree +-- busboy@0.2.14
103 silly idealTree +-- bytes@0.2.0
103 silly idealTree +-- camelcase@1.2.1
103 silly idealTree +-- center-align@0.1.3
103 silly idealTree +-- character-parser@1.2.1
103 silly idealTree +-- clean-css@3.4.24
103 silly idealTree | `-- commander@2.8.1
103 silly idealTree +-- cliui@2.1.0
103 silly idealTree | `-- wordwrap@0.0.2
103 silly idealTree +-- commander@0.6.1
103 silly idealTree +-- concat-stream@1.6.0
103 silly idealTree | +-- isarray@1.0.0
103 silly idealTree | `-- readable-stream@2.2.2
103 silly idealTree +-- connect@2.7.11
103 silly idealTree | +-- cookie@0.0.5
103 silly idealTree | `-- send@0.1.1
103 silly idealTree |   `-- mime@1.2.11
103 silly idealTree +-- constantinople@3.0.2
103 silly idealTree +-- content-type@1.0.2
103 silly idealTree +-- cookie-signature@1.0.1
103 silly idealTree +-- cookie@0.1.0
103 silly idealTree +-- core-util-is@1.0.2
103 silly idealTree +-- css-parse@1.0.4
103 silly idealTree +-- css-stringify@1.0.5
103 silly idealTree +-- css@1.0.8
103 silly idealTree +-- debug@2.6.0
103 silly idealTree +-- decamelize@1.2.0
103 silly idealTree +-- depd@1.1.0
103 silly idealTree +-- dicer@0.2.5
103 silly idealTree +-- ee-first@1.1.1
103 silly idealTree +-- ejs@2.5.6
103 silly idealTree +-- express@3.2.6
103 silly idealTree +-- fd-slicer@1.0.1
103 silly idealTree +-- formidable@1.0.14
103 silly idealTree +-- fresh@0.1.0
103 silly idealTree +-- graceful-readlink@1.0.1
103 silly idealTree +-- http-errors@1.5.1
103 silly idealTree +-- iconv-lite@0.4.15
103 silly idealTree +-- inherits@2.0.3
103 silly idealTree +-- is-buffer@1.1.4
103 silly idealTree +-- is-promise@2.1.0
103 silly idealTree +-- isarray@0.0.1
103 silly idealTree +-- jade@1.11.0
103 silly idealTree | +-- commander@2.6.0
103 silly idealTree | `-- mkdirp@0.5.1
103 silly idealTree +-- js-base64@2.1.9
103 silly idealTree +-- jstransformer@0.0.2
103 silly idealTree +-- kind-of@3.1.0
103 silly idealTree +-- lazy-cache@1.0.4
103 silly idealTree +-- longest@1.0.1
103 silly idealTree +-- media-typer@0.3.0
103 silly idealTree +-- methods@0.0.1
103 silly idealTree +-- mime-db@1.26.0
103 silly idealTree +-- mime-types@2.1.14
103 silly idealTree +-- mime@1.3.4
103 silly idealTree +-- minimist@0.0.8
103 silly idealTree +-- mkdirp@0.3.4
103 silly idealTree +-- ms@0.7.2
103 silly idealTree +-- multer@1.3.0
103 silly idealTree | `-- mkdirp@0.5.1
103 silly idealTree +-- multiparty@4.1.3
103 silly idealTree +-- nan@2.5.1
103 silly idealTree +-- object-assign@3.0.0
103 silly idealTree +-- on-finished@2.3.0
103 silly idealTree +-- optimist@0.3.7
103 silly idealTree +-- pause@0.0.1
103 silly idealTree +-- pend@1.2.0
103 silly idealTree +-- process-nextick-args@1.0.7
103 silly idealTree +-- promise@6.1.0
103 silly idealTree +-- qs@0.6.5
103 silly idealTree +-- range-parser@0.0.4
103 silly idealTree +-- raw-body@2.2.0
103 silly idealTree | `-- bytes@2.4.0
103 silly idealTree +-- readable-stream@1.1.14
103 silly idealTree +-- repeat-string@1.6.1
103 silly idealTree +-- right-align@0.1.3
103 silly idealTree +-- send@0.1.0
103 silly idealTree | `-- mime@1.2.6
103 silly idealTree +-- setprototypeof@1.0.2
103 silly idealTree +-- sleep@5.1.0
103 silly idealTree +-- source-map@0.4.4
103 silly idealTree +-- statuses@1.3.1
103 silly idealTree +-- streamsearch@0.1.2
103 silly idealTree +-- string_decoder@0.10.31
103 silly idealTree +-- transformers@2.1.0
103 silly idealTree | +-- is-promise@1.0.1
103 silly idealTree | +-- promise@2.0.0
103 silly idealTree | +-- source-map@0.1.43
103 silly idealTree | `-- uglify-js@2.2.5
103 silly idealTree +-- type-is@1.6.14
103 silly idealTree +-- typedarray@0.0.6
103 silly idealTree +-- uglify-js@2.7.5
103 silly idealTree | `-- source-map@0.5.6
103 silly idealTree +-- uglify-to-browserify@1.0.2
103 silly idealTree +-- unpipe@1.0.0
103 silly idealTree +-- util-deprecate@1.0.2
103 silly idealTree +-- void-elements@2.0.1
103 silly idealTree +-- window-size@0.1.0
103 silly idealTree +-- with@4.0.3
103 silly idealTree | `-- acorn@1.2.2
103 silly idealTree +-- wordwrap@0.0.3
103 silly idealTree +-- xtend@4.0.1
103 silly idealTree `-- yargs@3.10.0
104 silly generateActionsToTake Starting
105 silly install generateActionsToTake
106 silly generateActionsToTake Finishing
107 silly diffTrees action count 2
108 silly diffTrees add nan@2.5.1
109 silly diffTrees add sleep@5.1.0
110 silly decomposeActions action count 16
111 silly decomposeActions fetch nan@2.5.1
112 silly decomposeActions extract nan@2.5.1
113 silly decomposeActions test nan@2.5.1
114 silly decomposeActions preinstall nan@2.5.1
115 silly decomposeActions build nan@2.5.1
116 silly decomposeActions install nan@2.5.1
117 silly decomposeActions postinstall nan@2.5.1
118 silly decomposeActions finalize nan@2.5.1
119 silly decomposeActions fetch sleep@5.1.0
120 silly decomposeActions extract sleep@5.1.0
121 silly decomposeActions test sleep@5.1.0
122 silly decomposeActions preinstall sleep@5.1.0
123 silly decomposeActions build sleep@5.1.0
124 silly decomposeActions install sleep@5.1.0
125 silly decomposeActions postinstall sleep@5.1.0
126 silly decomposeActions finalize sleep@5.1.0
127 silly runTopLevelLifecycles Starting
128 silly install runPreinstallTopLevelLifecycles
129 silly preinstall 3Dprint@0.0.1 D:\__nodejs\3Dprint\3Dprint\3Dprint-58360534
130 info lifecycle 3Dprint@0.0.1~preinstall: 3Dprint@0.0.1
131 silly lifecycle 3Dprint@0.0.1~preinstall: no script for preinstall, continuing
132 silly executeActions Starting
133 silly install executeActions
134 silly doSerial global-install 0
135 silly doParallel fetch 2
136 verbose correctMkdir C:\Users\jun\AppData\Roaming\npm-cache\_locks correctMkdir not in flight; initializing
137 verbose lock using C:\Users\jun\AppData\Roaming\npm-cache\_locks\staging-1afd1b629b7f8171.lock for D:\__nodejs\3Dprint\3Dprint\node_modules\.staging
138 silly doParallel extract 2
139 silly extract nan@2.5.1
140 silly extract sleep@5.1.0
141 verbose unbuild node_modules\.staging\nan-d0665f5b
142 verbose unbuild node_modules\.staging\sleep-a335baf7
143 silly gentlyRm D:\__nodejs\3Dprint\3Dprint\node_modules\.staging\nan-d0665f5b is being purged from base D:\__nodejs\3Dprint\3Dprint
144 verbose gentlyRm don't care about contents; nuking D:\__nodejs\3Dprint\3Dprint\node_modules\.staging\nan-d0665f5b
145 silly gentlyRm D:\__nodejs\3Dprint\3Dprint\node_modules\.staging\sleep-a335baf7 is being purged from base D:\__nodejs\3Dprint\3Dprint
146 verbose gentlyRm don't care about contents; nuking D:\__nodejs\3Dprint\3Dprint\node_modules\.staging\sleep-a335baf7
147 verbose tar unpack C:\Users\jun\AppData\Roaming\npm-cache\nan\2.5.1\package.tgz
148 verbose tar unpacking to D:\__nodejs\3Dprint\3Dprint\node_modules\.staging\nan-d0665f5b
149 silly gentlyRm D:\__nodejs\3Dprint\3Dprint\node_modules\.staging\nan-d0665f5b is being purged
150 verbose gentlyRm don't care about contents; nuking D:\__nodejs\3Dprint\3Dprint\node_modules\.staging\nan-d0665f5b
151 verbose tar unpack C:\Users\jun\AppData\Roaming\npm-cache\sleep\5.1.0\package.tgz
152 verbose tar unpacking to D:\__nodejs\3Dprint\3Dprint\node_modules\.staging\sleep-a335baf7
153 silly gentlyRm D:\__nodejs\3Dprint\3Dprint\node_modules\.staging\sleep-a335baf7 is being purged
154 verbose gentlyRm don't care about contents; nuking D:\__nodejs\3Dprint\3Dprint\node_modules\.staging\sleep-a335baf7
155 silly gunzTarPerm modes [ '777', '666' ]
156 silly gunzTarPerm modes [ '777', '666' ]
157 silly gunzTarPerm extractEntry package.json
158 silly gunzTarPerm modified mode [ 'package.json', 436, 438 ]
159 silly gunzTarPerm extractEntry package.json
160 silly gunzTarPerm modified mode [ 'package.json', 436, 438 ]
161 silly gunzTarPerm extractEntry README.md
162 silly gunzTarPerm modified mode [ 'README.md', 436, 438 ]
163 silly gunzTarPerm extractEntry .npmignore
164 silly gunzTarPerm modified mode [ '.npmignore', 436, 438 ]
165 silly gunzTarPerm extractEntry README.md
166 silly gunzTarPerm modified mode [ 'README.md', 436, 438 ]
167 silly gunzTarPerm extractEntry include_dirs.js
168 silly gunzTarPerm modified mode [ 'include_dirs.js', 436, 438 ]
169 silly gunzTarPerm extractEntry nan_converters.h
170 silly gunzTarPerm modified mode [ 'nan_converters.h', 436, 438 ]
171 silly gunzTarPerm extractEntry CHANGELOG.md
172 silly gunzTarPerm modified mode [ 'CHANGELOG.md', 436, 438 ]
173 silly gunzTarPerm extractEntry LICENSE.md
174 silly gunzTarPerm modified mode [ 'LICENSE.md', 436, 438 ]
175 silly gunzTarPerm extractEntry test.js
176 silly gunzTarPerm modified mode [ 'test.js', 436, 438 ]
177 silly gunzTarPerm extractEntry index.js
178 silly gunzTarPerm modified mode [ 'index.js', 436, 438 ]
179 silly gunzTarPerm extractEntry doc/node_misc.md
180 silly gunzTarPerm modified mode [ 'doc/node_misc.md', 436, 438 ]
181 silly gunzTarPerm extractEntry LICENSE.txt
182 silly gunzTarPerm modified mode [ 'LICENSE.txt', 436, 438 ]
183 silly gunzTarPerm extractEntry sleep.cc
184 silly gunzTarPerm modified mode [ 'sleep.cc', 436, 438 ]
185 silly gunzTarPerm extractEntry doc/asyncworker.md
186 silly gunzTarPerm modified mode [ 'doc/asyncworker.md', 436, 438 ]
187 silly gunzTarPerm extractEntry doc/callback.md
188 silly gunzTarPerm modified mode [ 'doc/callback.md', 436, 438 ]
189 silly gunzTarPerm extractEntry binding.gyp
190 silly gunzTarPerm modified mode [ 'binding.gyp', 436, 438 ]
191 silly gunzTarPerm extractEntry doc/converters.md
192 silly gunzTarPerm modified mode [ 'doc/converters.md', 436, 438 ]
193 silly gunzTarPerm extractEntry doc/errors.md
194 silly gunzTarPerm modified mode [ 'doc/errors.md', 436, 438 ]
195 silly gunzTarPerm extractEntry doc/maybe_types.md
196 silly gunzTarPerm modified mode [ 'doc/maybe_types.md', 436, 438 ]
197 silly gunzTarPerm extractEntry doc/methods.md
198 silly gunzTarPerm modified mode [ 'doc/methods.md', 436, 438 ]
199 silly gunzTarPerm extractEntry doc/new.md
200 silly gunzTarPerm modified mode [ 'doc/new.md', 436, 438 ]
201 silly gunzTarPerm extractEntry doc/buffers.md
202 silly gunzTarPerm modified mode [ 'doc/buffers.md', 436, 438 ]
203 silly gunzTarPerm extractEntry doc/object_wrappers.md
204 silly gunzTarPerm modified mode [ 'doc/object_wrappers.md', 436, 438 ]
205 silly gunzTarPerm extractEntry doc/persistent.md
206 silly gunzTarPerm modified mode [ 'doc/persistent.md', 436, 438 ]
207 silly gunzTarPerm extractEntry doc/scopes.md
208 silly gunzTarPerm modified mode [ 'doc/scopes.md', 436, 438 ]
209 silly gunzTarPerm extractEntry doc/script.md
210 silly gunzTarPerm modified mode [ 'doc/script.md', 436, 438 ]
211 silly gunzTarPerm extractEntry doc/string_bytes.md
212 silly gunzTarPerm modified mode [ 'doc/string_bytes.md', 436, 438 ]
213 silly gunzTarPerm extractEntry doc/v8_internals.md
214 silly gunzTarPerm modified mode [ 'doc/v8_internals.md', 436, 438 ]
215 silly gunzTarPerm extractEntry doc/v8_misc.md
216 silly gunzTarPerm modified mode [ 'doc/v8_misc.md', 436, 438 ]
217 silly gentlyRm D:\__nodejs\3Dprint\3Dprint\node_modules\.staging\sleep-a335baf7\node_modules is being purged
218 verbose gentlyRm don't care about contents; nuking D:\__nodejs\3Dprint\3Dprint\node_modules\.staging\sleep-a335baf7\node_modules
219 silly gunzTarPerm extractEntry nan.h
220 silly gunzTarPerm modified mode [ 'nan.h', 436, 438 ]
221 silly gunzTarPerm extractEntry nan_callbacks.h
222 silly gunzTarPerm modified mode [ 'nan_callbacks.h', 436, 438 ]
223 silly gunzTarPerm extractEntry nan_callbacks_12_inl.h
224 silly gunzTarPerm modified mode [ 'nan_callbacks_12_inl.h', 436, 438 ]
225 silly gunzTarPerm extractEntry nan_callbacks_pre_12_inl.h
226 silly gunzTarPerm modified mode [ 'nan_callbacks_pre_12_inl.h', 436, 438 ]
227 silly gunzTarPerm extractEntry nan_converters_43_inl.h
228 silly gunzTarPerm modified mode [ 'nan_converters_43_inl.h', 436, 438 ]
229 silly gunzTarPerm extractEntry nan_converters_pre_43_inl.h
230 silly gunzTarPerm modified mode [ 'nan_converters_pre_43_inl.h', 436, 438 ]
231 silly gunzTarPerm extractEntry nan_implementation_12_inl.h
232 silly gunzTarPerm modified mode [ 'nan_implementation_12_inl.h', 436, 438 ]
233 silly gunzTarPerm extractEntry nan_implementation_pre_12_inl.h
234 silly gunzTarPerm modified mode [ 'nan_implementation_pre_12_inl.h', 436, 438 ]
235 silly gunzTarPerm extractEntry nan_maybe_43_inl.h
236 silly gunzTarPerm modified mode [ 'nan_maybe_43_inl.h', 436, 438 ]
237 silly gunzTarPerm extractEntry nan_maybe_pre_43_inl.h
238 silly gunzTarPerm modified mode [ 'nan_maybe_pre_43_inl.h', 436, 438 ]
239 silly gunzTarPerm extractEntry nan_new.h
240 silly gunzTarPerm modified mode [ 'nan_new.h', 436, 438 ]
241 silly gunzTarPerm extractEntry nan_object_wrap.h
242 silly gunzTarPerm modified mode [ 'nan_object_wrap.h', 436, 438 ]
243 silly gunzTarPerm extractEntry nan_persistent_12_inl.h
244 silly gunzTarPerm modified mode [ 'nan_persistent_12_inl.h', 436, 438 ]
245 silly gunzTarPerm extractEntry nan_persistent_pre_12_inl.h
246 silly gunzTarPerm modified mode [ 'nan_persistent_pre_12_inl.h', 436, 438 ]
247 silly gunzTarPerm extractEntry nan_private.h
248 silly gunzTarPerm modified mode [ 'nan_private.h', 436, 438 ]
249 silly gunzTarPerm extractEntry nan_string_bytes.h
250 silly gunzTarPerm modified mode [ 'nan_string_bytes.h', 436, 438 ]
251 silly gunzTarPerm extractEntry nan_typedarray_contents.h
252 silly gunzTarPerm modified mode [ 'nan_typedarray_contents.h', 436, 438 ]
253 silly gunzTarPerm extractEntry nan_weak.h
254 silly gunzTarPerm modified mode [ 'nan_weak.h', 436, 438 ]
255 silly gunzTarPerm extractEntry tools/package.json
256 silly gunzTarPerm modified mode [ 'tools/package.json', 436, 438 ]
257 silly gunzTarPerm extractEntry tools/README.md
258 silly gunzTarPerm modified mode [ 'tools/README.md', 436, 438 ]
259 silly gunzTarPerm extractEntry tools/1to2.js
260 silly gunzTarPerm modified mode [ 'tools/1to2.js', 509, 511 ]
261 silly gentlyRm D:\__nodejs\3Dprint\3Dprint\node_modules\.staging\nan-d0665f5b\node_modules is being purged
262 verbose gentlyRm don't care about contents; nuking D:\__nodejs\3Dprint\3Dprint\node_modules\.staging\nan-d0665f5b\node_modules
263 silly doParallel preinstall 2
264 silly preinstall nan@2.5.1 D:\__nodejs\3Dprint\3Dprint\node_modules\.staging\nan-d0665f5b
265 info lifecycle nan@2.5.1~preinstall: nan@2.5.1
266 silly preinstall sleep@5.1.0 D:\__nodejs\3Dprint\3Dprint\node_modules\.staging\sleep-a335baf7
267 info lifecycle sleep@5.1.0~preinstall: sleep@5.1.0
268 silly lifecycle nan@2.5.1~preinstall: no script for preinstall, continuing
269 silly lifecycle sleep@5.1.0~preinstall: no script for preinstall, continuing
270 silly doReverseSerial remove 0
271 silly doSerial move 0
272 silly doSerial finalize 2
273 silly finalize D:\__nodejs\3Dprint\3Dprint\node_modules\nan
274 silly finalize D:\__nodejs\3Dprint\3Dprint\node_modules\sleep
275 silly doSerial build 2
276 silly build nan@2.5.1
277 info linkStuff nan@2.5.1
278 silly linkStuff nan@2.5.1 has D:\__nodejs\3Dprint\3Dprint\node_modules as its parent node_modules
279 verbose linkBins nan@2.5.1
280 verbose linkMans nan@2.5.1
281 silly build sleep@5.1.0
282 info linkStuff sleep@5.1.0
283 silly linkStuff sleep@5.1.0 has D:\__nodejs\3Dprint\3Dprint\node_modules as its parent node_modules
284 verbose linkBins sleep@5.1.0
285 verbose linkMans sleep@5.1.0
286 silly doSerial global-link 0
287 silly doParallel update-linked 0
288 silly doSerial install 2
289 silly install nan@2.5.1 D:\__nodejs\3Dprint\3Dprint\node_modules\.staging\nan-d0665f5b
290 info lifecycle nan@2.5.1~install: nan@2.5.1
291 silly lifecycle nan@2.5.1~install: no script for install, continuing
292 silly install sleep@5.1.0 D:\__nodejs\3Dprint\3Dprint\node_modules\.staging\sleep-a335baf7
293 info lifecycle sleep@5.1.0~install: sleep@5.1.0
294 verbose lifecycle sleep@5.1.0~install: unsafe-perm in lifecycle true
295 verbose lifecycle sleep@5.1.0~install: PATH: C:\Program Files\nodejs\node_modules\npm\bin\node-gyp-bin;D:\__nodejs\3Dprint\3Dprint\node_modules\sleep\node_modules\.bin;D:\__nodejs\3Dprint\3Dprint\node_modules\.bin;C:/Program Files/Java/jre1.8.0_121/bin/server;C:/Program Files/Java/jre1.8.0_121/bin;C:/Program Files/Java/jre1.8.0_121/lib/amd64;C:\ProgramData\Oracle\Java\javapath;C:\Windows\system32;C:\Windows;C:\Windows\System32\Wbem;C:\Windows\System32\WindowsPowerShell\v1.0\;C:\Program Files (x86)\NVIDIA Corporation\PhysX\Common;%JAVA_HOME%\bin;C:\Windows\system32\config\systemprofile\.dnx\bin;C:\Program Files\Microsoft DNX\Dnvm\;C:\Program Files (x86)\Windows Kits\8.1\Windows Performance Toolkit\;C:\Program Files\Microsoft SQL Server\130\Tools\Binn\;D:\Program Files\Git\cmd;C:\Program Files\TortoiseGit\bin;C:\Program Files\converter\;C:\Program Files\nodejs\;C:\Program Files\Bandizip\7z;C:\Program Files\converter\;C:\Users\jun\AppData\Roaming\npm;C:\Program Files\eclipse;
296 verbose lifecycle sleep@5.1.0~install: CWD: D:\__nodejs\3Dprint\3Dprint\node_modules\sleep
297 silly lifecycle sleep@5.1.0~install: Args: [ '/d /s /c', 'node-gyp rebuild' ]
298 silly lifecycle sleep@5.1.0~install: Returned: code: 1  signal: null
299 info lifecycle sleep@5.1.0~install: Failed to exec install script
300 verbose unlock done using C:\Users\jun\AppData\Roaming\npm-cache\_locks\staging-1afd1b629b7f8171.lock for D:\__nodejs\3Dprint\3Dprint\node_modules\.staging
301 silly rollbackFailedOptional Starting
302 silly rollbackFailedOptional Finishing
303 silly runTopLevelLifecycles Finishing
304 silly install printInstalled
305 verbose stack Error: sleep@5.1.0 install: `node-gyp rebuild`
305 verbose stack Exit status 1
305 verbose stack     at EventEmitter.<anonymous> (C:\Program Files\nodejs\node_modules\npm\lib\utils\lifecycle.js:255:16)
305 verbose stack     at emitTwo (events.js:106:13)
305 verbose stack     at EventEmitter.emit (events.js:191:7)
305 verbose stack     at ChildProcess.<anonymous> (C:\Program Files\nodejs\node_modules\npm\lib\utils\spawn.js:40:14)
305 verbose stack     at emitTwo (events.js:106:13)
305 verbose stack     at ChildProcess.emit (events.js:191:7)
305 verbose stack     at maybeClose (internal/child_process.js:877:16)
305 verbose stack     at Process.ChildProcess._handle.onexit (internal/child_process.js:226:5)
306 verbose pkgid sleep@5.1.0
307 verbose cwd D:\__nodejs\3Dprint\3Dprint
308 error Windows_NT 6.1.7601
309 error argv "C:\\Program Files\\nodejs\\node.exe" "C:\\Program Files\\nodejs\\node_modules\\npm\\bin\\npm-cli.js" "install"
310 error node v6.9.5
311 error npm  v3.10.10
312 error code ELIFECYCLE
313 error sleep@5.1.0 install: `node-gyp rebuild`
313 error Exit status 1
314 error Failed at the sleep@5.1.0 install script 'node-gyp rebuild'.
314 error Make sure you have the latest version of node.js and npm installed.
314 error If you do, this is most likely a problem with the sleep package,
314 error not with npm itself.
314 error Tell the author that this fails on your system:
314 error     node-gyp rebuild
314 error You can get information on how to open an issue for this project with:
314 error     npm bugs sleep
314 error Or if that isn't available, you can get their info via:
314 error     npm owner ls sleep
314 error There is likely additional logging output above.
315 verbose exit [ 1, true ]
